\BOOKMARK [0][-]{chapter.1}{Getting Started}{}% 1
\BOOKMARK [1][-]{section.1.1}{Usage}{chapter.1}% 2
\BOOKMARK [1][-]{section.1.2}{Installation}{chapter.1}% 3
\BOOKMARK [1][-]{section.1.3}{Running tests}{chapter.1}% 4
\BOOKMARK [1][-]{section.1.4}{Developing with labMT-simple locally}{chapter.1}% 5
\BOOKMARK [1][-]{section.1.5}{Building these docs}{chapter.1}% 6
\BOOKMARK [0][-]{chapter.2}{Detailed Examples}{}% 7
\BOOKMARK [1][-]{section.2.1}{Preparing texts}{chapter.2}% 8
\BOOKMARK [1][-]{section.2.2}{Loading dictionaries}{chapter.2}% 9
\BOOKMARK [0][-]{chapter.3}{Making Wordshifts}{}% 10
\BOOKMARK [1][-]{section.3.1}{Installing phantom-crowbar}{chapter.3}% 11
\BOOKMARK [1][-]{section.3.2}{Installing inkscape}{chapter.3}% 12
\BOOKMARK [1][-]{section.3.3}{Installing rsvg}{chapter.3}% 13
\BOOKMARK [1][-]{section.3.4}{Installing labMTsimple}{chapter.3}% 14
\BOOKMARK [1][-]{section.3.5}{Making your first shift}{chapter.3}% 15
\BOOKMARK [0][-]{chapter.4}{Advanced Usage}{}% 16
\BOOKMARK [1][-]{section.4.1}{About Tries}{chapter.4}% 17
\BOOKMARK [1][-]{section.4.2}{Advanced Parsing}{chapter.4}% 18
\BOOKMARK [0][-]{chapter.5}{labMTsimple}{}% 19
\BOOKMARK [1][-]{section.5.1}{labMTsimple package}{chapter.5}% 20
\BOOKMARK [0][-]{chapter.6}{Indices and tables}{}% 21
\BOOKMARK [0][-]{section*.33}{Python Module Index}{}% 22
\BOOKMARK [0][-]{section*.34}{Index}{}% 23
